ERROR - 2025-05-19 00:33:03 --> Uploaded file is empty! File info: CodeIgniter\HTTP\Files\UploadedFile Object
(
    [size:protected] => 0
    [originalMimeType:protected] => application/octet-stream
    [path:protected] => C:\xampp\tmp\php8473.tmp
    [clientPath:protected] => models.obj
    [originalName:protected] => models.obj
    [name:protected] => models.obj
    [error:protected] => 0
    [hasMoved:protected] => 
    [pathName:SplFileInfo:private] => C:\xampp\tmp\php8473.tmp
    [fileName:SplFileInfo:private] => php8473.tmp
)

CRITICAL - 2025-05-19 00:33:19 --> ErrorException: ini_set(): Session ini settings cannot be changed after headers have already been sent
[Method: POST, Route: artifacts/create]
in SYSTEMPATH\Session\Handlers\FileHandler.php on line 74.
 1 [internal function]: CodeIgniter\Debug\Exceptions->errorHandler(2, 'ini_set(): Session ini settings cannot be changed after headers have already been sent', 'C:\\xampp\\htdocs\\rinconada-artifact-server\\system\\Session\\Handlers\\FileHandler.php', 74)
 2 SYSTEMPATH\Session\Handlers\FileHandler.php(74): ini_set('session.save_path', 'C:\\xampp\\htdocs\\rinconada-artifact-server\\writable\\session')
 3 SYSTEMPATH\Config\Services.php(697): CodeIgniter\Session\Handlers\FileHandler->__construct(Object(Config\Session), '::1')
 4 SYSTEMPATH\Config\BaseService.php(312): CodeIgniter\Config\Services::session(Object(Config\Session), false)
 5 SYSTEMPATH\Config\BaseService.php(251): CodeIgniter\Config\BaseService::__callStatic('session', [...])
 6 SYSTEMPATH\Config\Services.php(668): CodeIgniter\Config\BaseService::getSharedInstance('session', null)
 7 SYSTEMPATH\Config\BaseService.php(321): CodeIgniter\Config\Services::session()
 8 APPPATH\Controllers\BaseController.php(59): CodeIgniter\Config\BaseService::__callStatic('session', [])
 9 SYSTEMPATH\CodeIgniter.php(904): App\Controllers\BaseController->initController(Object(CodeIgniter\HTTP\IncomingRequest), Object(CodeIgniter\HTTP\Response), Object(CodeIgniter\Log\Logger))
10 SYSTEMPATH\CodeIgniter.php(498): CodeIgniter\CodeIgniter->createController()
11 SYSTEMPATH\CodeIgniter.php(354): CodeIgniter\CodeIgniter->handleRequest(null, Object(Config\Cache), false)
12 SYSTEMPATH\Boot.php(334): CodeIgniter\CodeIgniter->run()
13 SYSTEMPATH\Boot.php(67): CodeIgniter\Boot::runCodeIgniter(Object(CodeIgniter\CodeIgniter))
14 FCPATH\index.php(51): CodeIgniter\Boot::bootWeb(Object(Config\Paths))
ERROR - 2025-05-19 00:34:02 --> Error creating artifact: Failed to save model file record
ERROR - 2025-05-19 00:34:02 --> Error creating artifact: Failed to save model file record
ERROR - 2025-05-19 00:34:02 --> Error details: Array
(
    [file] => C:\xampp\htdocs\rinconada-artifact-server\app\Controllers\ArtifactsController.php
    [line] => 183
    [trace] => #0 C:\xampp\htdocs\rinconada-artifact-server\system\CodeIgniter.php(933): App\Controllers\ArtifactsController->create()
#1 C:\xampp\htdocs\rinconada-artifact-server\system\CodeIgniter.php(507): CodeIgniter\CodeIgniter->runController(Object(App\Controllers\ArtifactsController))
#2 C:\xampp\htdocs\rinconada-artifact-server\system\CodeIgniter.php(354): CodeIgniter\CodeIgniter->handleRequest(NULL, Object(Config\Cache), false)
#3 C:\xampp\htdocs\rinconada-artifact-server\system\Boot.php(334): CodeIgniter\CodeIgniter->run()
#4 C:\xampp\htdocs\rinconada-artifact-server\system\Boot.php(67): CodeIgniter\Boot::runCodeIgniter(Object(CodeIgniter\CodeIgniter))
#5 C:\xampp\htdocs\rinconada-artifact-server\public\index.php(51): CodeIgniter\Boot::bootWeb(Object(Config\Paths))
#6 {main}
    [post_data] => Array
        (
            [csrf_token_name] => 401232a3b85ab92a159a6249ff6f4014
            [_method] => POST
            [title] => sadas
            [description] => dsad
            [origin] => dsad
            [municipality] => dsadas
            [category_id] => 1
            [artist_id] => 3
            [user_id] => 1
        )

    [files_data] => Array
        (
            [model_file] => Array
                (
                    [name] => Vase (1).glb
                    [full_path] => Vase (1).glb
                    [type] => application/octet-stream
                    [tmp_name] => C:\xampp\tmp\php6D20.tmp
                    [error] => 0
                    [size] => 31252
                )

        )

)

ERROR - 2025-05-19 00:34:18 --> Uploaded file is empty! File info: CodeIgniter\HTTP\Files\UploadedFile Object
(
    [size:protected] => 0
    [originalMimeType:protected] => application/octet-stream
    [path:protected] => C:\xampp\tmp\phpAB43.tmp
    [clientPath:protected] => models.obj
    [originalName:protected] => models.obj
    [name:protected] => models.obj
    [error:protected] => 0
    [hasMoved:protected] => 
    [pathName:SplFileInfo:private] => C:\xampp\tmp\phpAB43.tmp
    [fileName:SplFileInfo:private] => phpAB43.tmp
)

ERROR - 2025-05-19 00:37:06 --> Error creating artifact: Failed to save model file record
ERROR - 2025-05-19 00:37:06 --> Error creating artifact: Failed to save model file record
ERROR - 2025-05-19 00:37:06 --> Error details: Array
(
    [file] => C:\xampp\htdocs\rinconada-artifact-server\app\Controllers\ArtifactsController.php
    [line] => 183
    [trace] => #0 C:\xampp\htdocs\rinconada-artifact-server\system\CodeIgniter.php(933): App\Controllers\ArtifactsController->create()
#1 C:\xampp\htdocs\rinconada-artifact-server\system\CodeIgniter.php(507): CodeIgniter\CodeIgniter->runController(Object(App\Controllers\ArtifactsController))
#2 C:\xampp\htdocs\rinconada-artifact-server\system\CodeIgniter.php(354): CodeIgniter\CodeIgniter->handleRequest(NULL, Object(Config\Cache), false)
#3 C:\xampp\htdocs\rinconada-artifact-server\system\Boot.php(334): CodeIgniter\CodeIgniter->run()
#4 C:\xampp\htdocs\rinconada-artifact-server\system\Boot.php(67): CodeIgniter\Boot::runCodeIgniter(Object(CodeIgniter\CodeIgniter))
#5 C:\xampp\htdocs\rinconada-artifact-server\public\index.php(51): CodeIgniter\Boot::bootWeb(Object(Config\Paths))
#6 {main}
    [post_data] => Array
        (
            [csrf_token_name] => 401232a3b85ab92a159a6249ff6f4014
            [_method] => POST
            [title] => sadas
            [description] => dsad
            [origin] => dsad
            [municipality] => dsadas
            [category_id] => 1
            [artist_id] => 3
            [user_id] => 1
        )

    [files_data] => Array
        (
            [model_file] => Array
                (
                    [name] => modelsa.obj
                    [full_path] => modelsa.obj
                    [type] => application/octet-stream
                    [tmp_name] => C:\xampp\tmp\php3CAE.tmp
                    [error] => 0
                    [size] => 2581769
                )

        )

)

ERROR - 2025-05-19 00:38:26 --> Error creating artifact: Failed to save model file record
ERROR - 2025-05-19 00:38:26 --> Error creating artifact: Failed to save model file record
ERROR - 2025-05-19 00:38:26 --> Error details: Array
(
    [file] => C:\xampp\htdocs\rinconada-artifact-server\app\Controllers\ArtifactsController.php
    [line] => 156
    [trace] => #0 C:\xampp\htdocs\rinconada-artifact-server\system\CodeIgniter.php(933): App\Controllers\ArtifactsController->create()
#1 C:\xampp\htdocs\rinconada-artifact-server\system\CodeIgniter.php(507): CodeIgniter\CodeIgniter->runController(Object(App\Controllers\ArtifactsController))
#2 C:\xampp\htdocs\rinconada-artifact-server\system\CodeIgniter.php(354): CodeIgniter\CodeIgniter->handleRequest(NULL, Object(Config\Cache), false)
#3 C:\xampp\htdocs\rinconada-artifact-server\system\Boot.php(334): CodeIgniter\CodeIgniter->run()
#4 C:\xampp\htdocs\rinconada-artifact-server\system\Boot.php(67): CodeIgniter\Boot::runCodeIgniter(Object(CodeIgniter\CodeIgniter))
#5 C:\xampp\htdocs\rinconada-artifact-server\public\index.php(51): CodeIgniter\Boot::bootWeb(Object(Config\Paths))
#6 {main}
    [post_data] => Array
        (
            [csrf_token_name] => 401232a3b85ab92a159a6249ff6f4014
            [_method] => POST
            [title] => sadas
            [description] => dsad
            [origin] => dsad
            [municipality] => dsadas
            [category_id] => 1
            [artist_id] => 3
            [user_id] => 1
        )

    [files_data] => Array
        (
            [model_file] => Array
                (
                    [name] => reference.jpg
                    [full_path] => reference.jpg
                    [type] => image/jpeg
                    [tmp_name] => C:\xampp\tmp\php7379.tmp
                    [error] => 0
                    [size] => 40584
                )

        )

)

ERROR - 2025-05-19 00:40:02 --> ModelFilesModel insert failed. Validation errors: Array
(
    [file_size_kb] => The file_size_kb field must contain an integer.
)

ERROR - 2025-05-19 00:40:28 --> ModelFilesModel insert failed. Validation errors: Array
(
    [file_size_kb] => The file_size_kb field must contain an integer.
)

ERROR - 2025-05-19 00:41:09 --> mysqli_sql_exception: Unknown column 'artifact_id' in 'field list' in C:\xampp\htdocs\rinconada-artifact-server\system\Database\MySQLi\Connection.php:327
Stack trace:
#0 C:\xampp\htdocs\rinconada-artifact-server\system\Database\MySQLi\Connection.php(327): mysqli->query('INSERT INTO `mo...', 0)
#1 C:\xampp\htdocs\rinconada-artifact-server\system\Database\BaseConnection.php(738): CodeIgniter\Database\MySQLi\Connection->execute('INSERT INTO `mo...')
#2 C:\xampp\htdocs\rinconada-artifact-server\system\Database\BaseConnection.php(652): CodeIgniter\Database\BaseConnection->simpleQuery('INSERT INTO `mo...')
#3 C:\xampp\htdocs\rinconada-artifact-server\system\Database\BaseBuilder.php(2345): CodeIgniter\Database\BaseConnection->query('INSERT INTO `mo...', Array, false)
#4 C:\xampp\htdocs\rinconada-artifact-server\system\Model.php(394): CodeIgniter\Database\BaseBuilder->insert()
#5 C:\xampp\htdocs\rinconada-artifact-server\system\BaseModel.php(839): CodeIgniter\Model->doInsert(Array)
#6 C:\xampp\htdocs\rinconada-artifact-server\system\Model.php(800): CodeIgniter\BaseModel->insert(Array, true)
#7 C:\xampp\htdocs\rinconada-artifact-server\app\Controllers\ArtifactsController.php(153): CodeIgniter\Model->insert(Array)
#8 C:\xampp\htdocs\rinconada-artifact-server\system\CodeIgniter.php(933): App\Controllers\ArtifactsController->create()
#9 C:\xampp\htdocs\rinconada-artifact-server\system\CodeIgniter.php(507): CodeIgniter\CodeIgniter->runController(Object(App\Controllers\ArtifactsController))
#10 C:\xampp\htdocs\rinconada-artifact-server\system\CodeIgniter.php(354): CodeIgniter\CodeIgniter->handleRequest(NULL, Object(Config\Cache), false)
#11 C:\xampp\htdocs\rinconada-artifact-server\system\Boot.php(334): CodeIgniter\CodeIgniter->run()
#12 C:\xampp\htdocs\rinconada-artifact-server\system\Boot.php(67): CodeIgniter\Boot::runCodeIgniter(Object(CodeIgniter\CodeIgniter))
#13 C:\xampp\htdocs\rinconada-artifact-server\public\index.php(51): CodeIgniter\Boot::bootWeb(Object(Config\Paths))
#14 {main}
ERROR - 2025-05-19 00:41:09 --> ModelFilesModel insert failed. Validation errors: Array
(
    [CodeIgniter\Database\MySQLi\Connection] => Unknown column 'artifact_id' in 'field list'
)

ERROR - 2025-05-19 00:41:21 --> mysqli_sql_exception: Unknown column 'artifact_id' in 'field list' in C:\xampp\htdocs\rinconada-artifact-server\system\Database\MySQLi\Connection.php:327
Stack trace:
#0 C:\xampp\htdocs\rinconada-artifact-server\system\Database\MySQLi\Connection.php(327): mysqli->query('INSERT INTO `mo...', 0)
#1 C:\xampp\htdocs\rinconada-artifact-server\system\Database\BaseConnection.php(738): CodeIgniter\Database\MySQLi\Connection->execute('INSERT INTO `mo...')
#2 C:\xampp\htdocs\rinconada-artifact-server\system\Database\BaseConnection.php(652): CodeIgniter\Database\BaseConnection->simpleQuery('INSERT INTO `mo...')
#3 C:\xampp\htdocs\rinconada-artifact-server\system\Database\BaseBuilder.php(2345): CodeIgniter\Database\BaseConnection->query('INSERT INTO `mo...', Array, false)
#4 C:\xampp\htdocs\rinconada-artifact-server\system\Model.php(394): CodeIgniter\Database\BaseBuilder->insert()
#5 C:\xampp\htdocs\rinconada-artifact-server\system\BaseModel.php(839): CodeIgniter\Model->doInsert(Array)
#6 C:\xampp\htdocs\rinconada-artifact-server\system\Model.php(800): CodeIgniter\BaseModel->insert(Array, true)
#7 C:\xampp\htdocs\rinconada-artifact-server\app\Controllers\ArtifactsController.php(153): CodeIgniter\Model->insert(Array)
#8 C:\xampp\htdocs\rinconada-artifact-server\system\CodeIgniter.php(933): App\Controllers\ArtifactsController->create()
#9 C:\xampp\htdocs\rinconada-artifact-server\system\CodeIgniter.php(507): CodeIgniter\CodeIgniter->runController(Object(App\Controllers\ArtifactsController))
#10 C:\xampp\htdocs\rinconada-artifact-server\system\CodeIgniter.php(354): CodeIgniter\CodeIgniter->handleRequest(NULL, Object(Config\Cache), false)
#11 C:\xampp\htdocs\rinconada-artifact-server\system\Boot.php(334): CodeIgniter\CodeIgniter->run()
#12 C:\xampp\htdocs\rinconada-artifact-server\system\Boot.php(67): CodeIgniter\Boot::runCodeIgniter(Object(CodeIgniter\CodeIgniter))
#13 C:\xampp\htdocs\rinconada-artifact-server\public\index.php(51): CodeIgniter\Boot::bootWeb(Object(Config\Paths))
#14 {main}
ERROR - 2025-05-19 00:41:21 --> ModelFilesModel insert failed. Validation errors: Array
(
    [CodeIgniter\Database\MySQLi\Connection] => Unknown column 'artifact_id' in 'field list'
)

ERROR - 2025-05-19 00:45:34 --> Error updating artifact: Array
(
    [message] => finfo_file(C:\xampp\tmp\phpFB03.tmp): Failed to open stream: No such file or directory
    [file] => C:\xampp\htdocs\rinconada-artifact-server\system\Files\File.php
    [line] => 137
    [trace] => #0 [internal function]: CodeIgniter\Debug\Exceptions->errorHandler(2, 'finfo_file(C:\\x...', 'C:\\xampp\\htdocs...', 137)
#1 C:\xampp\htdocs\rinconada-artifact-server\system\Files\File.php(137): finfo_file(Object(finfo), 'C:\\xampp\\tmp\\ph...')
#2 C:\xampp\htdocs\rinconada-artifact-server\app\Controllers\ArtifactsController.php(431): CodeIgniter\Files\File->getMimeType()
#3 C:\xampp\htdocs\rinconada-artifact-server\system\CodeIgniter.php(933): App\Controllers\ArtifactsController->update('9')
#4 C:\xampp\htdocs\rinconada-artifact-server\system\CodeIgniter.php(507): CodeIgniter\CodeIgniter->runController(Object(App\Controllers\ArtifactsController))
#5 C:\xampp\htdocs\rinconada-artifact-server\system\CodeIgniter.php(354): CodeIgniter\CodeIgniter->handleRequest(NULL, Object(Config\Cache), false)
#6 C:\xampp\htdocs\rinconada-artifact-server\system\Boot.php(334): CodeIgniter\CodeIgniter->run()
#7 C:\xampp\htdocs\rinconada-artifact-server\system\Boot.php(67): CodeIgniter\Boot::runCodeIgniter(Object(CodeIgniter\CodeIgniter))
#8 C:\xampp\htdocs\rinconada-artifact-server\public\index.php(51): CodeIgniter\Boot::bootWeb(Object(Config\Paths))
#9 {main}
    [post_data] => Array
        (
            [csrf_token_name] => 401232a3b85ab92a159a6249ff6f4014
            [_method] => PUT
            [title] => asda
            [category_id] => 1
            [artist_id] => 2
            [user_id] => 1
            [origin] => asdsa
            [municipality] => sadads
            [description] => sdasd
            [remove_file] => 0
        )

    [files_data] => Array
        (
            [model_file] => Array
                (
                    [name] => models.obj
                    [full_path] => models.obj
                    [type] => application/octet-stream
                    [tmp_name] => C:\xampp\tmp\phpFB03.tmp
                    [error] => 0
                    [size] => 0
                )

        )

)

ERROR - 2025-05-19 00:47:17 --> Error updating artifact: Array
(
    [message] => finfo_file(C:\xampp\tmp\php8DC9.tmp): Failed to open stream: No such file or directory
    [file] => C:\xampp\htdocs\rinconada-artifact-server\system\Files\File.php
    [line] => 137
    [trace] => #0 [internal function]: CodeIgniter\Debug\Exceptions->errorHandler(2, 'finfo_file(C:\\x...', 'C:\\xampp\\htdocs...', 137)
#1 C:\xampp\htdocs\rinconada-artifact-server\system\Files\File.php(137): finfo_file(Object(finfo), 'C:\\xampp\\tmp\\ph...')
#2 C:\xampp\htdocs\rinconada-artifact-server\app\Controllers\ArtifactsController.php(431): CodeIgniter\Files\File->getMimeType()
#3 C:\xampp\htdocs\rinconada-artifact-server\system\CodeIgniter.php(933): App\Controllers\ArtifactsController->update('9')
#4 C:\xampp\htdocs\rinconada-artifact-server\system\CodeIgniter.php(507): CodeIgniter\CodeIgniter->runController(Object(App\Controllers\ArtifactsController))
#5 C:\xampp\htdocs\rinconada-artifact-server\system\CodeIgniter.php(354): CodeIgniter\CodeIgniter->handleRequest(NULL, Object(Config\Cache), false)
#6 C:\xampp\htdocs\rinconada-artifact-server\system\Boot.php(334): CodeIgniter\CodeIgniter->run()
#7 C:\xampp\htdocs\rinconada-artifact-server\system\Boot.php(67): CodeIgniter\Boot::runCodeIgniter(Object(CodeIgniter\CodeIgniter))
#8 C:\xampp\htdocs\rinconada-artifact-server\public\index.php(51): CodeIgniter\Boot::bootWeb(Object(Config\Paths))
#9 {main}
    [post_data] => Array
        (
            [csrf_token_name] => 401232a3b85ab92a159a6249ff6f4014
            [_method] => PUT
            [title] => asda
            [category_id] => 1
            [artist_id] => 2
            [user_id] => 1
            [origin] => asdsa
            [municipality] => sadads
            [description] => sdasd
            [remove_file] => 0
        )

    [files_data] => Array
        (
            [model_file] => Array
                (
                    [name] => models.obj
                    [full_path] => models.obj
                    [type] => application/octet-stream
                    [tmp_name] => C:\xampp\tmp\php8DC9.tmp
                    [error] => 0
                    [size] => 0
                )

        )

)

ERROR - 2025-05-19 00:47:33 --> Error updating artifact: Array
(
    [message] => finfo_file(C:\xampp\tmp\phpCC88.tmp): Failed to open stream: No such file or directory
    [file] => C:\xampp\htdocs\rinconada-artifact-server\system\Files\File.php
    [line] => 137
    [trace] => #0 [internal function]: CodeIgniter\Debug\Exceptions->errorHandler(2, 'finfo_file(C:\\x...', 'C:\\xampp\\htdocs...', 137)
#1 C:\xampp\htdocs\rinconada-artifact-server\system\Files\File.php(137): finfo_file(Object(finfo), 'C:\\xampp\\tmp\\ph...')
#2 C:\xampp\htdocs\rinconada-artifact-server\app\Controllers\ArtifactsController.php(431): CodeIgniter\Files\File->getMimeType()
#3 C:\xampp\htdocs\rinconada-artifact-server\system\CodeIgniter.php(933): App\Controllers\ArtifactsController->update('13')
#4 C:\xampp\htdocs\rinconada-artifact-server\system\CodeIgniter.php(507): CodeIgniter\CodeIgniter->runController(Object(App\Controllers\ArtifactsController))
#5 C:\xampp\htdocs\rinconada-artifact-server\system\CodeIgniter.php(354): CodeIgniter\CodeIgniter->handleRequest(NULL, Object(Config\Cache), false)
#6 C:\xampp\htdocs\rinconada-artifact-server\system\Boot.php(334): CodeIgniter\CodeIgniter->run()
#7 C:\xampp\htdocs\rinconada-artifact-server\system\Boot.php(67): CodeIgniter\Boot::runCodeIgniter(Object(CodeIgniter\CodeIgniter))
#8 C:\xampp\htdocs\rinconada-artifact-server\public\index.php(51): CodeIgniter\Boot::bootWeb(Object(Config\Paths))
#9 {main}
    [post_data] => Array
        (
            [csrf_token_name] => 401232a3b85ab92a159a6249ff6f4014
            [_method] => PUT
            [title] => sadfsad
            [category_id] => 1
            [artist_id] => 1
            [user_id] => 1
            [origin] => asaadssad
            [municipality] => dasasdsda
            [description] => asd
            [remove_file] => 0
        )

    [files_data] => Array
        (
            [model_file] => Array
                (
                    [name] => models.obj
                    [full_path] => models.obj
                    [type] => application/octet-stream
                    [tmp_name] => C:\xampp\tmp\phpCC88.tmp
                    [error] => 0
                    [size] => 0
                )

        )

)

ERROR - 2025-05-19 00:47:41 --> Error updating artifact: Array
(
    [message] => finfo_file(C:\xampp\tmp\phpEC95.tmp): Failed to open stream: No such file or directory
    [file] => C:\xampp\htdocs\rinconada-artifact-server\system\Files\File.php
    [line] => 137
    [trace] => #0 [internal function]: CodeIgniter\Debug\Exceptions->errorHandler(2, 'finfo_file(C:\\x...', 'C:\\xampp\\htdocs...', 137)
#1 C:\xampp\htdocs\rinconada-artifact-server\system\Files\File.php(137): finfo_file(Object(finfo), 'C:\\xampp\\tmp\\ph...')
#2 C:\xampp\htdocs\rinconada-artifact-server\app\Controllers\ArtifactsController.php(431): CodeIgniter\Files\File->getMimeType()
#3 C:\xampp\htdocs\rinconada-artifact-server\system\CodeIgniter.php(933): App\Controllers\ArtifactsController->update('13')
#4 C:\xampp\htdocs\rinconada-artifact-server\system\CodeIgniter.php(507): CodeIgniter\CodeIgniter->runController(Object(App\Controllers\ArtifactsController))
#5 C:\xampp\htdocs\rinconada-artifact-server\system\CodeIgniter.php(354): CodeIgniter\CodeIgniter->handleRequest(NULL, Object(Config\Cache), false)
#6 C:\xampp\htdocs\rinconada-artifact-server\system\Boot.php(334): CodeIgniter\CodeIgniter->run()
#7 C:\xampp\htdocs\rinconada-artifact-server\system\Boot.php(67): CodeIgniter\Boot::runCodeIgniter(Object(CodeIgniter\CodeIgniter))
#8 C:\xampp\htdocs\rinconada-artifact-server\public\index.php(51): CodeIgniter\Boot::bootWeb(Object(Config\Paths))
#9 {main}
    [post_data] => Array
        (
            [csrf_token_name] => 401232a3b85ab92a159a6249ff6f4014
            [_method] => PUT
            [title] => sadfsad
            [category_id] => 1
            [artist_id] => 1
            [user_id] => 1
            [origin] => asaadssad
            [municipality] => dasasdsda
            [description] => asd
            [remove_file] => 0
        )

    [files_data] => Array
        (
            [model_file] => Array
                (
                    [name] => models.obj
                    [full_path] => models.obj
                    [type] => application/octet-stream
                    [tmp_name] => C:\xampp\tmp\phpEC95.tmp
                    [error] => 0
                    [size] => 0
                )

        )

)

ERROR - 2025-05-19 00:48:40 --> Error updating artifact: Array
(
    [message] => finfo_file(C:\xampp\tmp\phpD36B.tmp): Failed to open stream: No such file or directory
    [file] => C:\xampp\htdocs\rinconada-artifact-server\system\Files\File.php
    [line] => 137
    [trace] => #0 [internal function]: CodeIgniter\Debug\Exceptions->errorHandler(2, 'finfo_file(C:\\x...', 'C:\\xampp\\htdocs...', 137)
#1 C:\xampp\htdocs\rinconada-artifact-server\system\Files\File.php(137): finfo_file(Object(finfo), 'C:\\xampp\\tmp\\ph...')
#2 C:\xampp\htdocs\rinconada-artifact-server\app\Controllers\ArtifactsController.php(431): CodeIgniter\Files\File->getMimeType()
#3 C:\xampp\htdocs\rinconada-artifact-server\system\CodeIgniter.php(933): App\Controllers\ArtifactsController->update('13')
#4 C:\xampp\htdocs\rinconada-artifact-server\system\CodeIgniter.php(507): CodeIgniter\CodeIgniter->runController(Object(App\Controllers\ArtifactsController))
#5 C:\xampp\htdocs\rinconada-artifact-server\system\CodeIgniter.php(354): CodeIgniter\CodeIgniter->handleRequest(NULL, Object(Config\Cache), false)
#6 C:\xampp\htdocs\rinconada-artifact-server\system\Boot.php(334): CodeIgniter\CodeIgniter->run()
#7 C:\xampp\htdocs\rinconada-artifact-server\system\Boot.php(67): CodeIgniter\Boot::runCodeIgniter(Object(CodeIgniter\CodeIgniter))
#8 C:\xampp\htdocs\rinconada-artifact-server\public\index.php(51): CodeIgniter\Boot::bootWeb(Object(Config\Paths))
#9 {main}
    [post_data] => Array
        (
            [csrf_token_name] => 401232a3b85ab92a159a6249ff6f4014
            [_method] => PUT
            [title] => sadfsad
            [category_id] => 1
            [artist_id] => 1
            [user_id] => 1
            [origin] => asaadssad
            [municipality] => dasasdsda
            [description] => asd
            [remove_file] => 0
        )

    [files_data] => Array
        (
            [model_file] => Array
                (
                    [name] => Vase (1).glb
                    [full_path] => Vase (1).glb
                    [type] => application/octet-stream
                    [tmp_name] => C:\xampp\tmp\phpD36B.tmp
                    [error] => 0
                    [size] => 31252
                )

        )

)

CRITICAL - 2025-05-19 00:57:29 --> ErrorException: Cannot redeclare App\Controllers\ModelsController::index()
[Method: GET, Route: models]
in APPPATH\Controllers\ModelsController.php on line 415.
 1 [internal function]: CodeIgniter\Debug\Exceptions->shutdownHandler()
CRITICAL - 2025-05-19 00:57:35 --> ErrorException: Cannot redeclare App\Controllers\ModelsController::index()
[Method: GET, Route: models]
in APPPATH\Controllers\ModelsController.php on line 415.
 1 [internal function]: CodeIgniter\Debug\Exceptions->shutdownHandler()
CRITICAL - 2025-05-19 00:58:32 --> ErrorException: Cannot redeclare App\Controllers\ModelsController::edit()
[Method: GET, Route: models]
in APPPATH\Controllers\ModelsController.php on line 521.
 1 [internal function]: CodeIgniter\Debug\Exceptions->shutdownHandler()
CRITICAL - 2025-05-19 00:58:33 --> ErrorException: Cannot redeclare App\Controllers\ModelsController::edit()
[Method: GET, Route: models]
in APPPATH\Controllers\ModelsController.php on line 521.
 1 [internal function]: CodeIgniter\Debug\Exceptions->shutdownHandler()
CRITICAL - 2025-05-19 00:58:34 --> ErrorException: Cannot redeclare App\Controllers\ModelsController::edit()
[Method: GET, Route: models]
in APPPATH\Controllers\ModelsController.php on line 521.
 1 [internal function]: CodeIgniter\Debug\Exceptions->shutdownHandler()
CRITICAL - 2025-05-19 00:58:34 --> ErrorException: Cannot redeclare App\Controllers\ModelsController::edit()
[Method: GET, Route: models]
in APPPATH\Controllers\ModelsController.php on line 521.
 1 [internal function]: CodeIgniter\Debug\Exceptions->shutdownHandler()
CRITICAL - 2025-05-19 00:58:42 --> ErrorException: Cannot redeclare App\Controllers\ModelsController::edit()
[Method: GET, Route: models]
in APPPATH\Controllers\ModelsController.php on line 521.
 1 [internal function]: CodeIgniter\Debug\Exceptions->shutdownHandler()
CRITICAL - 2025-05-19 00:58:43 --> ErrorException: Cannot redeclare App\Controllers\ModelsController::edit()
[Method: GET, Route: models]
in APPPATH\Controllers\ModelsController.php on line 521.
 1 [internal function]: CodeIgniter\Debug\Exceptions->shutdownHandler()
CRITICAL - 2025-05-19 00:58:43 --> ErrorException: Cannot redeclare App\Controllers\ModelsController::edit()
[Method: GET, Route: models]
in APPPATH\Controllers\ModelsController.php on line 521.
 1 [internal function]: CodeIgniter\Debug\Exceptions->shutdownHandler()
CRITICAL - 2025-05-19 00:58:45 --> ErrorException: Cannot redeclare App\Controllers\ModelsController::edit()
[Method: GET, Route: models]
in APPPATH\Controllers\ModelsController.php on line 521.
 1 [internal function]: CodeIgniter\Debug\Exceptions->shutdownHandler()
CRITICAL - 2025-05-19 00:59:14 --> ParseError: syntax error, unexpected variable "$data", expecting "function" or "const"
[Method: GET, Route: models]
in APPPATH\Controllers\ModelsController.php on line 521.
 1 SYSTEMPATH\Autoloader\Autoloader.php(295): CodeIgniter\Autoloader\Autoloader->includeFile('C:\\xampp\\htdocs\\rinconada-artifact-server\\app\\Controllers\\ModelsController.php')
 2 SYSTEMPATH\Autoloader\Autoloader.php(271): CodeIgniter\Autoloader\Autoloader->loadInNamespace('App\\Controllers\\ModelsController')
 3 [internal function]: CodeIgniter\Autoloader\Autoloader->loadClass('App\\Controllers\\ModelsController')
 4 SYSTEMPATH\CodeIgniter.php(885): class_exists('\\App\\Controllers\\ModelsController', true)
 5 SYSTEMPATH\CodeIgniter.php(494): CodeIgniter\CodeIgniter->startController()
 6 SYSTEMPATH\CodeIgniter.php(354): CodeIgniter\CodeIgniter->handleRequest(null, Object(Config\Cache), false)
 7 SYSTEMPATH\Boot.php(334): CodeIgniter\CodeIgniter->run()
 8 SYSTEMPATH\Boot.php(67): CodeIgniter\Boot::runCodeIgniter(Object(CodeIgniter\CodeIgniter))
 9 FCPATH\index.php(51): CodeIgniter\Boot::bootWeb(Object(Config\Paths))
CRITICAL - 2025-05-19 00:59:26 --> ParseError: syntax error, unexpected variable "$data", expecting "function" or "const"
[Method: GET, Route: models]
in APPPATH\Controllers\ModelsController.php on line 521.
 1 SYSTEMPATH\Autoloader\Autoloader.php(295): CodeIgniter\Autoloader\Autoloader->includeFile('C:\\xampp\\htdocs\\rinconada-artifact-server\\app\\Controllers\\ModelsController.php')
 2 SYSTEMPATH\Autoloader\Autoloader.php(271): CodeIgniter\Autoloader\Autoloader->loadInNamespace('App\\Controllers\\ModelsController')
 3 [internal function]: CodeIgniter\Autoloader\Autoloader->loadClass('App\\Controllers\\ModelsController')
 4 SYSTEMPATH\CodeIgniter.php(885): class_exists('\\App\\Controllers\\ModelsController', true)
 5 SYSTEMPATH\CodeIgniter.php(494): CodeIgniter\CodeIgniter->startController()
 6 SYSTEMPATH\CodeIgniter.php(354): CodeIgniter\CodeIgniter->handleRequest(null, Object(Config\Cache), false)
 7 SYSTEMPATH\Boot.php(334): CodeIgniter\CodeIgniter->run()
 8 SYSTEMPATH\Boot.php(67): CodeIgniter\Boot::runCodeIgniter(Object(CodeIgniter\CodeIgniter))
 9 FCPATH\index.php(51): CodeIgniter\Boot::bootWeb(Object(Config\Paths))
CRITICAL - 2025-05-19 01:00:00 --> ErrorException: Cannot redeclare App\Controllers\ModelsController::update()
[Method: GET, Route: models]
in APPPATH\Controllers\ModelsController.php on line 521.
 1 [internal function]: CodeIgniter\Debug\Exceptions->shutdownHandler()
CRITICAL - 2025-05-19 01:00:08 --> ErrorException: Cannot redeclare App\Controllers\ModelsController::update()
[Method: GET, Route: models]
in APPPATH\Controllers\ModelsController.php on line 521.
 1 [internal function]: CodeIgniter\Debug\Exceptions->shutdownHandler()
CRITICAL - 2025-05-19 01:01:11 --> ParseError: syntax error, unexpected variable "$filePath", expecting "function" or "const"
[Method: GET, Route: models]
in APPPATH\Controllers\ModelsController.php on line 522.
 1 SYSTEMPATH\Autoloader\Autoloader.php(295): CodeIgniter\Autoloader\Autoloader->includeFile('C:\\xampp\\htdocs\\rinconada-artifact-server\\app\\Controllers\\ModelsController.php')
 2 SYSTEMPATH\Autoloader\Autoloader.php(271): CodeIgniter\Autoloader\Autoloader->loadInNamespace('App\\Controllers\\ModelsController')
 3 [internal function]: CodeIgniter\Autoloader\Autoloader->loadClass('App\\Controllers\\ModelsController')
 4 SYSTEMPATH\CodeIgniter.php(885): class_exists('\\App\\Controllers\\ModelsController', true)
 5 SYSTEMPATH\CodeIgniter.php(494): CodeIgniter\CodeIgniter->startController()
 6 SYSTEMPATH\CodeIgniter.php(354): CodeIgniter\CodeIgniter->handleRequest(null, Object(Config\Cache), false)
 7 SYSTEMPATH\Boot.php(334): CodeIgniter\CodeIgniter->run()
 8 SYSTEMPATH\Boot.php(67): CodeIgniter\Boot::runCodeIgniter(Object(CodeIgniter\CodeIgniter))
 9 FCPATH\index.php(51): CodeIgniter\Boot::bootWeb(Object(Config\Paths))
CRITICAL - 2025-05-19 01:02:10 --> ParseError: syntax error, unexpected variable "$filePath", expecting "function" or "const"
[Method: GET, Route: models]
in APPPATH\Controllers\ModelsController.php on line 522.
 1 SYSTEMPATH\Autoloader\Autoloader.php(295): CodeIgniter\Autoloader\Autoloader->includeFile('C:\\xampp\\htdocs\\rinconada-artifact-server\\app\\Controllers\\ModelsController.php')
 2 SYSTEMPATH\Autoloader\Autoloader.php(271): CodeIgniter\Autoloader\Autoloader->loadInNamespace('App\\Controllers\\ModelsController')
 3 [internal function]: CodeIgniter\Autoloader\Autoloader->loadClass('App\\Controllers\\ModelsController')
 4 SYSTEMPATH\CodeIgniter.php(885): class_exists('\\App\\Controllers\\ModelsController', true)
 5 SYSTEMPATH\CodeIgniter.php(494): CodeIgniter\CodeIgniter->startController()
 6 SYSTEMPATH\CodeIgniter.php(354): CodeIgniter\CodeIgniter->handleRequest(null, Object(Config\Cache), false)
 7 SYSTEMPATH\Boot.php(334): CodeIgniter\CodeIgniter->run()
 8 SYSTEMPATH\Boot.php(67): CodeIgniter\Boot::runCodeIgniter(Object(CodeIgniter\CodeIgniter))
 9 FCPATH\index.php(51): CodeIgniter\Boot::bootWeb(Object(Config\Paths))
CRITICAL - 2025-05-19 01:02:21 --> ParseError: syntax error, unexpected variable "$filePath", expecting "function" or "const"
[Method: GET, Route: models]
in APPPATH\Controllers\ModelsController.php on line 522.
 1 SYSTEMPATH\Autoloader\Autoloader.php(295): CodeIgniter\Autoloader\Autoloader->includeFile('C:\\xampp\\htdocs\\rinconada-artifact-server\\app\\Controllers\\ModelsController.php')
 2 SYSTEMPATH\Autoloader\Autoloader.php(271): CodeIgniter\Autoloader\Autoloader->loadInNamespace('App\\Controllers\\ModelsController')
 3 [internal function]: CodeIgniter\Autoloader\Autoloader->loadClass('App\\Controllers\\ModelsController')
 4 SYSTEMPATH\CodeIgniter.php(885): class_exists('\\App\\Controllers\\ModelsController', true)
 5 SYSTEMPATH\CodeIgniter.php(494): CodeIgniter\CodeIgniter->startController()
 6 SYSTEMPATH\CodeIgniter.php(354): CodeIgniter\CodeIgniter->handleRequest(null, Object(Config\Cache), false)
 7 SYSTEMPATH\Boot.php(334): CodeIgniter\CodeIgniter->run()
 8 SYSTEMPATH\Boot.php(67): CodeIgniter\Boot::runCodeIgniter(Object(CodeIgniter\CodeIgniter))
 9 FCPATH\index.php(51): CodeIgniter\Boot::bootWeb(Object(Config\Paths))
CRITICAL - 2025-05-19 01:03:06 --> ParseError: Unmatched '}'
[Method: GET, Route: models]
in APPPATH\Controllers\ModelsController.php on line 524.
 1 SYSTEMPATH\Autoloader\Autoloader.php(295): CodeIgniter\Autoloader\Autoloader->includeFile('C:\\xampp\\htdocs\\rinconada-artifact-server\\app\\Controllers\\ModelsController.php')
 2 SYSTEMPATH\Autoloader\Autoloader.php(271): CodeIgniter\Autoloader\Autoloader->loadInNamespace('App\\Controllers\\ModelsController')
 3 [internal function]: CodeIgniter\Autoloader\Autoloader->loadClass('App\\Controllers\\ModelsController')
 4 SYSTEMPATH\CodeIgniter.php(885): class_exists('\\App\\Controllers\\ModelsController', true)
 5 SYSTEMPATH\CodeIgniter.php(494): CodeIgniter\CodeIgniter->startController()
 6 SYSTEMPATH\CodeIgniter.php(354): CodeIgniter\CodeIgniter->handleRequest(null, Object(Config\Cache), false)
 7 SYSTEMPATH\Boot.php(334): CodeIgniter\CodeIgniter->run()
 8 SYSTEMPATH\Boot.php(67): CodeIgniter\Boot::runCodeIgniter(Object(CodeIgniter\CodeIgniter))
 9 FCPATH\index.php(51): CodeIgniter\Boot::bootWeb(Object(Config\Paths))
CRITICAL - 2025-05-19 01:03:10 --> ParseError: Unmatched '}'
[Method: GET, Route: models]
in APPPATH\Controllers\ModelsController.php on line 524.
 1 SYSTEMPATH\Autoloader\Autoloader.php(295): CodeIgniter\Autoloader\Autoloader->includeFile('C:\\xampp\\htdocs\\rinconada-artifact-server\\app\\Controllers\\ModelsController.php')
 2 SYSTEMPATH\Autoloader\Autoloader.php(271): CodeIgniter\Autoloader\Autoloader->loadInNamespace('App\\Controllers\\ModelsController')
 3 [internal function]: CodeIgniter\Autoloader\Autoloader->loadClass('App\\Controllers\\ModelsController')
 4 SYSTEMPATH\CodeIgniter.php(885): class_exists('\\App\\Controllers\\ModelsController', true)
 5 SYSTEMPATH\CodeIgniter.php(494): CodeIgniter\CodeIgniter->startController()
 6 SYSTEMPATH\CodeIgniter.php(354): CodeIgniter\CodeIgniter->handleRequest(null, Object(Config\Cache), false)
 7 SYSTEMPATH\Boot.php(334): CodeIgniter\CodeIgniter->run()
 8 SYSTEMPATH\Boot.php(67): CodeIgniter\Boot::runCodeIgniter(Object(CodeIgniter\CodeIgniter))
 9 FCPATH\index.php(51): CodeIgniter\Boot::bootWeb(Object(Config\Paths))
CRITICAL - 2025-05-19 01:03:50 --> ParseError: Unmatched '}'
[Method: GET, Route: models]
in APPPATH\Controllers\ModelsController.php on line 542.
 1 SYSTEMPATH\Autoloader\Autoloader.php(295): CodeIgniter\Autoloader\Autoloader->includeFile('C:\\xampp\\htdocs\\rinconada-artifact-server\\app\\Controllers\\ModelsController.php')
 2 SYSTEMPATH\Autoloader\Autoloader.php(271): CodeIgniter\Autoloader\Autoloader->loadInNamespace('App\\Controllers\\ModelsController')
 3 [internal function]: CodeIgniter\Autoloader\Autoloader->loadClass('App\\Controllers\\ModelsController')
 4 SYSTEMPATH\CodeIgniter.php(885): class_exists('\\App\\Controllers\\ModelsController', true)
 5 SYSTEMPATH\CodeIgniter.php(494): CodeIgniter\CodeIgniter->startController()
 6 SYSTEMPATH\CodeIgniter.php(354): CodeIgniter\CodeIgniter->handleRequest(null, Object(Config\Cache), false)
 7 SYSTEMPATH\Boot.php(334): CodeIgniter\CodeIgniter->run()
 8 SYSTEMPATH\Boot.php(67): CodeIgniter\Boot::runCodeIgniter(Object(CodeIgniter\CodeIgniter))
 9 FCPATH\index.php(51): CodeIgniter\Boot::bootWeb(Object(Config\Paths))
CRITICAL - 2025-05-19 01:03:57 --> ParseError: Unmatched '}'
[Method: GET, Route: models]
in APPPATH\Controllers\ModelsController.php on line 542.
 1 SYSTEMPATH\Autoloader\Autoloader.php(295): CodeIgniter\Autoloader\Autoloader->includeFile('C:\\xampp\\htdocs\\rinconada-artifact-server\\app\\Controllers\\ModelsController.php')
 2 SYSTEMPATH\Autoloader\Autoloader.php(271): CodeIgniter\Autoloader\Autoloader->loadInNamespace('App\\Controllers\\ModelsController')
 3 [internal function]: CodeIgniter\Autoloader\Autoloader->loadClass('App\\Controllers\\ModelsController')
 4 SYSTEMPATH\CodeIgniter.php(885): class_exists('\\App\\Controllers\\ModelsController', true)
 5 SYSTEMPATH\CodeIgniter.php(494): CodeIgniter\CodeIgniter->startController()
 6 SYSTEMPATH\CodeIgniter.php(354): CodeIgniter\CodeIgniter->handleRequest(null, Object(Config\Cache), false)
 7 SYSTEMPATH\Boot.php(334): CodeIgniter\CodeIgniter->run()
 8 SYSTEMPATH\Boot.php(67): CodeIgniter\Boot::runCodeIgniter(Object(CodeIgniter\CodeIgniter))
 9 FCPATH\index.php(51): CodeIgniter\Boot::bootWeb(Object(Config\Paths))
CRITICAL - 2025-05-19 01:04:16 --> ParseError: Unmatched '}'
[Method: GET, Route: models]
in APPPATH\Controllers\ModelsController.php on line 542.
 1 SYSTEMPATH\Autoloader\Autoloader.php(295): CodeIgniter\Autoloader\Autoloader->includeFile('C:\\xampp\\htdocs\\rinconada-artifact-server\\app\\Controllers\\ModelsController.php')
 2 SYSTEMPATH\Autoloader\Autoloader.php(271): CodeIgniter\Autoloader\Autoloader->loadInNamespace('App\\Controllers\\ModelsController')
 3 [internal function]: CodeIgniter\Autoloader\Autoloader->loadClass('App\\Controllers\\ModelsController')
 4 SYSTEMPATH\CodeIgniter.php(885): class_exists('\\App\\Controllers\\ModelsController', true)
 5 SYSTEMPATH\CodeIgniter.php(494): CodeIgniter\CodeIgniter->startController()
 6 SYSTEMPATH\CodeIgniter.php(354): CodeIgniter\CodeIgniter->handleRequest(null, Object(Config\Cache), false)
 7 SYSTEMPATH\Boot.php(334): CodeIgniter\CodeIgniter->run()
 8 SYSTEMPATH\Boot.php(67): CodeIgniter\Boot::runCodeIgniter(Object(CodeIgniter\CodeIgniter))
 9 FCPATH\index.php(51): CodeIgniter\Boot::bootWeb(Object(Config\Paths))
CRITICAL - 2025-05-19 01:04:32 --> ParseError: Unmatched '}'
[Method: GET, Route: models]
in APPPATH\Controllers\ModelsController.php on line 529.
 1 SYSTEMPATH\Autoloader\Autoloader.php(295): CodeIgniter\Autoloader\Autoloader->includeFile('C:\\xampp\\htdocs\\rinconada-artifact-server\\app\\Controllers\\ModelsController.php')
 2 SYSTEMPATH\Autoloader\Autoloader.php(271): CodeIgniter\Autoloader\Autoloader->loadInNamespace('App\\Controllers\\ModelsController')
 3 [internal function]: CodeIgniter\Autoloader\Autoloader->loadClass('App\\Controllers\\ModelsController')
 4 SYSTEMPATH\CodeIgniter.php(885): class_exists('\\App\\Controllers\\ModelsController', true)
 5 SYSTEMPATH\CodeIgniter.php(494): CodeIgniter\CodeIgniter->startController()
 6 SYSTEMPATH\CodeIgniter.php(354): CodeIgniter\CodeIgniter->handleRequest(null, Object(Config\Cache), false)
 7 SYSTEMPATH\Boot.php(334): CodeIgniter\CodeIgniter->run()
 8 SYSTEMPATH\Boot.php(67): CodeIgniter\Boot::runCodeIgniter(Object(CodeIgniter\CodeIgniter))
 9 FCPATH\index.php(51): CodeIgniter\Boot::bootWeb(Object(Config\Paths))
ERROR - 2025-05-19 02:11:06 --> Validation failed: Array
(
    [title] => The title field must be at least 3 characters in length.
)

ERROR - 2025-05-19 02:11:15 --> Validation failed: Array
(
    [title] => The title field must be at least 3 characters in length.
)

